Using pre-set license
Built from '2020.3/staging' branch; Version is '2020.3.11f1 (99c7afb366b3) revision 10078127'; Using compiler version '192528614'; Build Type 'Release'
OS: 'Windows 10 Enterprise; OS build 19042.2006; Version 2009; 64bit' Language: 'fr' Physical Memory: 16279 MB
BatchMode: 1, IsHumanControllingUs: 0, StartBugReporterOnCrash: 0, Is64bit: 1, IsPro: 0

 COMMAND LINE ARGUMENTS:
C:\Program Files\Unity\Editor\Unity.exe
-adb2
-batchMode
-noUpm
-name
AssetImportWorker0
-projectPath
U:/P02Ouroboros
-logFile
Logs/AssetImportWorker0.log
-srvPort
57552
Successfully changed project path to: U:/P02Ouroboros
U:/P02Ouroboros
Using Asset Import Pipeline V2.
Refreshing native plugins compatible for Editor in 66.19 ms, found 2 plugins.
Preloading 0 native plugins for Editor in 0.00 ms.
Initialize engine version: 2020.3.11f1 (99c7afb366b3)
[Subsystems] Discovering subsystems at path C:/Program Files/Unity/Editor/Data/Resources/UnitySubsystems
[Subsystems] Discovering subsystems at path U:/P02Ouroboros/Assets
GfxDevice: creating device client; threaded=0
Direct3D:
    Version:  Direct3D 11.0 [level 11.1]
    Renderer: NVIDIA Quadro P620 (ID=0x1cb6)
    Vendor:   
    VRAM:     1977 MB
    Driver:   27.21.14.5148
Initialize mono
Mono path[0] = 'C:/Program Files/Unity/Editor/Data/Managed'
Mono path[1] = 'C:/Program Files/Unity/Editor/Data/MonoBleedingEdge/lib/mono/unityjit'
Mono config path = 'C:/Program Files/Unity/Editor/Data/MonoBleedingEdge/etc'
Using monoOptions --debugger-agent=transport=dt_socket,embedding=1,server=y,suspend=n,address=127.0.0.1:56272
Begin MonoManager ReloadAssembly
Registering precompiled unity dll's ...
Register platform support module: C:/Program Files/Unity/Editor/Data/PlaybackEngines/WindowsStandaloneSupport/UnityEditor.WindowsStandalone.Extensions.dll
Registered in 0.002490 seconds.
Native extension for WindowsStandalone target not found
Refreshing native plugins compatible for Editor in 37.23 ms, found 2 plugins.
Preloading 0 native plugins for Editor in 0.00 ms.
Mono: successfully reloaded assembly
- Completed reload, in  1.184 seconds
Platform modules already initialized, skipping
Registering precompiled user dll's ...
Registered in 0.071470 seconds.
Begin MonoManager ReloadAssembly
Native extension for WindowsStandalone target not found
Refreshing native plugins compatible for Editor in 38.05 ms, found 2 plugins.
Preloading 0 native plugins for Editor in 0.00 ms.
Mono: successfully reloaded assembly
- Completed reload, in  1.478 seconds
Platform modules already initialized, skipping
========================================================================
Worker process is ready to serve import requests
Launched and connected shader compiler UnityShaderCompiler.exe after 0.09 seconds
Refreshing native plugins compatible for Editor in 0.33 ms, found 2 plugins.
Preloading 0 native plugins for Editor in 0.00 ms.
Unloading 1710 Unused Serialized files (Serialized files now loaded: 0)
System memory in use before: 78.4 MB.
System memory in use after: 78.5 MB.

Unloading 20 unused Assets to reduce memory usage. Loaded Objects now: 2146.
Total: 2.190800 ms (FindLiveObjects: 0.172400 ms CreateObjectMapping: 0.063300 ms MarkObjects: 1.884400 ms  DeleteObjects: 0.069500 ms)

========================================================================
Received Import Request.
  path: Assets/Scenes/Gym
  artifactKey: Guid(d36b0341d7957b948999dd1d9be498bf) Importer(815301076,1909f56bfc062723c751e8b465ee728b)
Start importing Assets/Scenes/Gym using Guid(d36b0341d7957b948999dd1d9be498bf) Importer(815301076,1909f56bfc062723c751e8b465ee728b)  -> (artifact id: '6cafc950259b75def0dfab547871fcbb') in 0.020623 seconds
  Import took 0.023128 seconds .

========================================================================
Received Import Request.
  Time since last request: 57.417521 seconds.
  path: Assets/Scenes/MainMenu.unity
  artifactKey: Guid(5be1a9fbf06dc814394f9e7ce1011b14) Importer(815301076,1909f56bfc062723c751e8b465ee728b)
Start importing Assets/Scenes/MainMenu.unity using Guid(5be1a9fbf06dc814394f9e7ce1011b14) Importer(815301076,1909f56bfc062723c751e8b465ee728b)  -> (artifact id: 'd6f9e1afab03bc05b54acee484d8b238') in 0.051950 seconds
  Import took 0.054469 seconds .

========================================================================
Received Import Request.
  Time since last request: 81.221778 seconds.
  path: Assets/Art/UI/Background/Mockup.png
  artifactKey: Guid(f398956e02237c44cadbbe9ecd1ded95) Importer(815301076,1909f56bfc062723c751e8b465ee728b)
Start importing Assets/Art/UI/Background/Mockup.png using Guid(f398956e02237c44cadbbe9ecd1ded95) Importer(815301076,1909f56bfc062723c751e8b465ee728b)  -> (artifact id: '39abc1e42fe081823ad4945975391169') in 0.227303 seconds
  Import took 0.230490 seconds .

========================================================================
Received Import Request.
  Time since last request: 0.001807 seconds.
  path: Assets/Art/UI/Background/Mockup.png
  artifactKey: Guid(f398956e02237c44cadbbe9ecd1ded95) Importer(815301076,1909f56bfc062723c751e8b465ee728b)
Start importing Assets/Art/UI/Background/Mockup.png using Guid(f398956e02237c44cadbbe9ecd1ded95) Importer(815301076,1909f56bfc062723c751e8b465ee728b)  -> (artifact id: '39abc1e42fe081823ad4945975391169') in 0.036450 seconds
  Import took 0.039401 seconds .

AssetImportWorkerClient::OnTransportError - code=2 error=End of file
